The system is: Linux - 6.1.0-rpi4-rpi-v7 - armv7l
Compiling the C compiler identification source file "CMakeCCompilerId.c" succeeded.
Compiler: /usr/bin/clang 
Build flags: 
Id flags:  

The output was:
0


Compilation of the C compiler identification source "CMakeCCompilerId.c" produced "a.out"

The C compiler identification is Clang, found in "/home/mamsds/bin/freezer-daemon/build/CMakeFiles/3.25.1/CompilerIdC/a.out"

Compiling the CXX compiler identification source file "CMakeCXXCompilerId.cpp" succeeded.
Compiler: /usr/bin/c++ 
Build flags: 
Id flags:  

The output was:
0


Compilation of the CXX compiler identification source "CMakeCXXCompilerId.cpp" produced "a.out"

The CXX compiler identification is GNU, found in "/home/mamsds/bin/freezer-daemon/build/CMakeFiles/3.25.1/CompilerIdCXX/a.out"

Detecting C compiler ABI info compiled with the following output:
Change Dir: /home/mamsds/bin/freezer-daemon/build/CMakeFiles/CMakeScratch/TryCompile-yVpsPH

Run Build Command(s):/usr/bin/gmake -f Makefile cmTC_6d3fb/fast && /usr/bin/gmake  -f CMakeFiles/cmTC_6d3fb.dir/build.make CMakeFiles/cmTC_6d3fb.dir/build
gmake[1]: Entering directory '/home/mamsds/bin/freezer-daemon/build/CMakeFiles/CMakeScratch/TryCompile-yVpsPH'
Building C object CMakeFiles/cmTC_6d3fb.dir/CMakeCCompilerABI.c.o
/usr/bin/clang   -v -MD -MT CMakeFiles/cmTC_6d3fb.dir/CMakeCCompilerABI.c.o -MF CMakeFiles/cmTC_6d3fb.dir/CMakeCCompilerABI.c.o.d -o CMakeFiles/cmTC_6d3fb.dir/CMakeCCompilerABI.c.o -c /usr/share/cmake-3.25/Modules/CMakeCCompilerABI.c
Raspbian clang version 14.0.6
Target: arm-unknown-linux-gnueabihf
Thread model: posix
InstalledDir: /usr/bin
Found candidate GCC installation: /usr/bin/../lib/gcc/arm-linux-gnueabihf/12
Found candidate GCC installation: /usr/bin/../lib/gcc/arm-linux-gnueabihf/7
Found candidate GCC installation: /usr/bin/../lib/gcc/arm-linux-gnueabihf/7.5.0
Found candidate GCC installation: /usr/bin/../lib/gcc/arm-linux-gnueabihf/8
Selected GCC installation: /usr/bin/../lib/gcc/arm-linux-gnueabihf/12
Candidate multilib: .;@m32
Selected multilib: .;@m32
 (in-process)
 "/usr/lib/llvm-14/bin/clang" -cc1 -triple armv7-unknown-linux-gnueabihf -emit-obj -mrelax-all --mrelax-relocations -disable-free -clear-ast-before-backend -disable-llvm-verifier -discard-value-names -main-file-name CMakeCCompilerABI.c -mrelocation-model pic -pic-level 2 -pic-is-pie -mframe-pointer=all -fmath-errno -ffp-contract=on -fno-rounding-math -mconstructor-aliases -target-cpu generic -target-feature +vfp2 -target-feature +vfp2sp -target-feature -vfp3 -target-feature +vfp3d16 -target-feature +vfp3d16sp -target-feature -vfp3sp -target-feature -fp16 -target-feature -vfp4 -target-feature -vfp4d16 -target-feature -vfp4d16sp -target-feature -vfp4sp -target-feature -fp-armv8 -target-feature -fp-armv8d16 -target-feature -fp-armv8d16sp -target-feature -fp-armv8sp -target-feature -fullfp16 -target-feature +fp64 -target-feature -d32 -target-feature -neon -target-feature -sha2 -target-feature -aes -target-feature -fp16fml -target-abi aapcs-linux -mfloat-abi hard -fallow-half-arguments-and-returns -mllvm -treat-scalable-fixed-error-as-warning -debugger-tuning=gdb -v -fcoverage-compilation-dir=/home/mamsds/bin/freezer-daemon/build/CMakeFiles/CMakeScratch/TryCompile-yVpsPH -resource-dir /usr/lib/llvm-14/lib/clang/14.0.6 -dependency-file CMakeFiles/cmTC_6d3fb.dir/CMakeCCompilerABI.c.o.d -MT CMakeFiles/cmTC_6d3fb.dir/CMakeCCompilerABI.c.o -sys-header-deps -internal-isystem /usr/lib/llvm-14/lib/clang/14.0.6/include -internal-isystem /usr/local/include -internal-isystem /usr/bin/../lib/gcc/arm-linux-gnueabihf/12/../../../../arm-linux-gnueabihf/include -internal-externc-isystem /usr/include/arm-linux-gnueabihf -internal-externc-isystem /include -internal-externc-isystem /usr/include -fdebug-compilation-dir=/home/mamsds/bin/freezer-daemon/build/CMakeFiles/CMakeScratch/TryCompile-yVpsPH -ferror-limit 19 -fno-signed-char -fgnuc-version=4.2.1 -faddrsig -o CMakeFiles/cmTC_6d3fb.dir/CMakeCCompilerABI.c.o -x c /usr/share/cmake-3.25/Modules/CMakeCCompilerABI.c
clang -cc1 version 14.0.6 based upon LLVM 14.0.6 default target arm-linux-gnueabihf
ignoring nonexistent directory "/usr/bin/../lib/gcc/arm-linux-gnueabihf/12/../../../../arm-linux-gnueabihf/include"
ignoring nonexistent directory "/include"
#include "..." search starts here:
#include <...> search starts here:
 /usr/lib/llvm-14/lib/clang/14.0.6/include
 /usr/local/include
 /usr/include/arm-linux-gnueabihf
 /usr/include
End of search list.
Linking C executable cmTC_6d3fb
/usr/bin/cmake -E cmake_link_script CMakeFiles/cmTC_6d3fb.dir/link.txt --verbose=1
/usr/bin/clang  -v CMakeFiles/cmTC_6d3fb.dir/CMakeCCompilerABI.c.o -o cmTC_6d3fb 
Raspbian clang version 14.0.6
Target: arm-unknown-linux-gnueabihf
Thread model: posix
InstalledDir: /usr/bin
Found candidate GCC installation: /usr/bin/../lib/gcc/arm-linux-gnueabihf/12
Found candidate GCC installation: /usr/bin/../lib/gcc/arm-linux-gnueabihf/7
Found candidate GCC installation: /usr/bin/../lib/gcc/arm-linux-gnueabihf/7.5.0
Found candidate GCC installation: /usr/bin/../lib/gcc/arm-linux-gnueabihf/8
Selected GCC installation: /usr/bin/../lib/gcc/arm-linux-gnueabihf/12
Candidate multilib: .;@m32
Selected multilib: .;@m32
 "/usr/bin/arm-linux-gnueabihf-ld" -pie -EL -X --hash-style=both --build-id --eh-frame-hdr -m armelf_linux_eabi -dynamic-linker /lib/ld-linux-armhf.so.3 -o cmTC_6d3fb /lib/arm-linux-gnueabihf/Scrt1.o /lib/arm-linux-gnueabihf/crti.o /usr/bin/../lib/gcc/arm-linux-gnueabihf/12/crtbeginS.o -L/usr/bin/../lib/gcc/arm-linux-gnueabihf/12 -L/usr/bin/../lib/gcc/arm-linux-gnueabihf/12/../../../../lib -L/lib/arm-linux-gnueabihf -L/lib/../lib -L/usr/lib/arm-linux-gnueabihf -L/usr/lib/../lib -L/lib -L/usr/lib CMakeFiles/cmTC_6d3fb.dir/CMakeCCompilerABI.c.o -lgcc --as-needed -lgcc_s --no-as-needed -lc -lgcc --as-needed -lgcc_s --no-as-needed /usr/bin/../lib/gcc/arm-linux-gnueabihf/12/crtendS.o /lib/arm-linux-gnueabihf/crtn.o
gmake[1]: Leaving directory '/home/mamsds/bin/freezer-daemon/build/CMakeFiles/CMakeScratch/TryCompile-yVpsPH'



Parsed C implicit include dir info from above output: rv=done
  found start of include info
  found start of implicit include info
    add: [/usr/lib/llvm-14/lib/clang/14.0.6/include]
    add: [/usr/local/include]
    add: [/usr/include/arm-linux-gnueabihf]
    add: [/usr/include]
  end of search list found
  collapse include dir [/usr/lib/llvm-14/lib/clang/14.0.6/include] ==> [/usr/lib/llvm-14/lib/clang/14.0.6/include]
  collapse include dir [/usr/local/include] ==> [/usr/local/include]
  collapse include dir [/usr/include/arm-linux-gnueabihf] ==> [/usr/include/arm-linux-gnueabihf]
  collapse include dir [/usr/include] ==> [/usr/include]
  implicit include dirs: [/usr/lib/llvm-14/lib/clang/14.0.6/include;/usr/local/include;/usr/include/arm-linux-gnueabihf;/usr/include]


Parsed C implicit link information from above output:
  link line regex: [^( *|.*[/\])(ld|CMAKE_LINK_STARTFILE-NOTFOUND|([^/\]+-)?ld|collect2)[^/\]*( |$)]
  ignore line: [Change Dir: /home/mamsds/bin/freezer-daemon/build/CMakeFiles/CMakeScratch/TryCompile-yVpsPH]
  ignore line: []
  ignore line: [Run Build Command(s):/usr/bin/gmake -f Makefile cmTC_6d3fb/fast && /usr/bin/gmake  -f CMakeFiles/cmTC_6d3fb.dir/build.make CMakeFiles/cmTC_6d3fb.dir/build]
  ignore line: [gmake[1]: Entering directory '/home/mamsds/bin/freezer-daemon/build/CMakeFiles/CMakeScratch/TryCompile-yVpsPH']
  ignore line: [Building C object CMakeFiles/cmTC_6d3fb.dir/CMakeCCompilerABI.c.o]
  ignore line: [/usr/bin/clang   -v -MD -MT CMakeFiles/cmTC_6d3fb.dir/CMakeCCompilerABI.c.o -MF CMakeFiles/cmTC_6d3fb.dir/CMakeCCompilerABI.c.o.d -o CMakeFiles/cmTC_6d3fb.dir/CMakeCCompilerABI.c.o -c /usr/share/cmake-3.25/Modules/CMakeCCompilerABI.c]
  ignore line: [Raspbian clang version 14.0.6]
  ignore line: [Target: arm-unknown-linux-gnueabihf]
  ignore line: [Thread model: posix]
  ignore line: [InstalledDir: /usr/bin]
  ignore line: [Found candidate GCC installation: /usr/bin/../lib/gcc/arm-linux-gnueabihf/12]
  ignore line: [Found candidate GCC installation: /usr/bin/../lib/gcc/arm-linux-gnueabihf/7]
  ignore line: [Found candidate GCC installation: /usr/bin/../lib/gcc/arm-linux-gnueabihf/7.5.0]
  ignore line: [Found candidate GCC installation: /usr/bin/../lib/gcc/arm-linux-gnueabihf/8]
  ignore line: [Selected GCC installation: /usr/bin/../lib/gcc/arm-linux-gnueabihf/12]
  ignore line: [Candidate multilib: .]
  ignore line: [@m32]
  ignore line: [Selected multilib: .]
  ignore line: [@m32]
  ignore line: [ (in-process)]
  ignore line: [ "/usr/lib/llvm-14/bin/clang" -cc1 -triple armv7-unknown-linux-gnueabihf -emit-obj -mrelax-all --mrelax-relocations -disable-free -clear-ast-before-backend -disable-llvm-verifier -discard-value-names -main-file-name CMakeCCompilerABI.c -mrelocation-model pic -pic-level 2 -pic-is-pie -mframe-pointer=all -fmath-errno -ffp-contract=on -fno-rounding-math -mconstructor-aliases -target-cpu generic -target-feature +vfp2 -target-feature +vfp2sp -target-feature -vfp3 -target-feature +vfp3d16 -target-feature +vfp3d16sp -target-feature -vfp3sp -target-feature -fp16 -target-feature -vfp4 -target-feature -vfp4d16 -target-feature -vfp4d16sp -target-feature -vfp4sp -target-feature -fp-armv8 -target-feature -fp-armv8d16 -target-feature -fp-armv8d16sp -target-feature -fp-armv8sp -target-feature -fullfp16 -target-feature +fp64 -target-feature -d32 -target-feature -neon -target-feature -sha2 -target-feature -aes -target-feature -fp16fml -target-abi aapcs-linux -mfloat-abi hard -fallow-half-arguments-and-returns -mllvm -treat-scalable-fixed-error-as-warning -debugger-tuning=gdb -v -fcoverage-compilation-dir=/home/mamsds/bin/freezer-daemon/build/CMakeFiles/CMakeScratch/TryCompile-yVpsPH -resource-dir /usr/lib/llvm-14/lib/clang/14.0.6 -dependency-file CMakeFiles/cmTC_6d3fb.dir/CMakeCCompilerABI.c.o.d -MT CMakeFiles/cmTC_6d3fb.dir/CMakeCCompilerABI.c.o -sys-header-deps -internal-isystem /usr/lib/llvm-14/lib/clang/14.0.6/include -internal-isystem /usr/local/include -internal-isystem /usr/bin/../lib/gcc/arm-linux-gnueabihf/12/../../../../arm-linux-gnueabihf/include -internal-externc-isystem /usr/include/arm-linux-gnueabihf -internal-externc-isystem /include -internal-externc-isystem /usr/include -fdebug-compilation-dir=/home/mamsds/bin/freezer-daemon/build/CMakeFiles/CMakeScratch/TryCompile-yVpsPH -ferror-limit 19 -fno-signed-char -fgnuc-version=4.2.1 -faddrsig -o CMakeFiles/cmTC_6d3fb.dir/CMakeCCompilerABI.c.o -x c /usr/share/cmake-3.25/Modules/CMakeCCompilerABI.c]
  ignore line: [clang -cc1 version 14.0.6 based upon LLVM 14.0.6 default target arm-linux-gnueabihf]
  ignore line: [ignoring nonexistent directory "/usr/bin/../lib/gcc/arm-linux-gnueabihf/12/../../../../arm-linux-gnueabihf/include"]
  ignore line: [ignoring nonexistent directory "/include"]
  ignore line: [#include "..." search starts here:]
  ignore line: [#include <...> search starts here:]
  ignore line: [ /usr/lib/llvm-14/lib/clang/14.0.6/include]
  ignore line: [ /usr/local/include]
  ignore line: [ /usr/include/arm-linux-gnueabihf]
  ignore line: [ /usr/include]
  ignore line: [End of search list.]
  ignore line: [Linking C executable cmTC_6d3fb]
  ignore line: [/usr/bin/cmake -E cmake_link_script CMakeFiles/cmTC_6d3fb.dir/link.txt --verbose=1]
  ignore line: [/usr/bin/clang  -v CMakeFiles/cmTC_6d3fb.dir/CMakeCCompilerABI.c.o -o cmTC_6d3fb ]
  ignore line: [Raspbian clang version 14.0.6]
  ignore line: [Target: arm-unknown-linux-gnueabihf]
  ignore line: [Thread model: posix]
  ignore line: [InstalledDir: /usr/bin]
  ignore line: [Found candidate GCC installation: /usr/bin/../lib/gcc/arm-linux-gnueabihf/12]
  ignore line: [Found candidate GCC installation: /usr/bin/../lib/gcc/arm-linux-gnueabihf/7]
  ignore line: [Found candidate GCC installation: /usr/bin/../lib/gcc/arm-linux-gnueabihf/7.5.0]
  ignore line: [Found candidate GCC installation: /usr/bin/../lib/gcc/arm-linux-gnueabihf/8]
  ignore line: [Selected GCC installation: /usr/bin/../lib/gcc/arm-linux-gnueabihf/12]
  ignore line: [Candidate multilib: .]
  ignore line: [@m32]
  ignore line: [Selected multilib: .]
  ignore line: [@m32]
  link line: [ "/usr/bin/arm-linux-gnueabihf-ld" -pie -EL -X --hash-style=both --build-id --eh-frame-hdr -m armelf_linux_eabi -dynamic-linker /lib/ld-linux-armhf.so.3 -o cmTC_6d3fb /lib/arm-linux-gnueabihf/Scrt1.o /lib/arm-linux-gnueabihf/crti.o /usr/bin/../lib/gcc/arm-linux-gnueabihf/12/crtbeginS.o -L/usr/bin/../lib/gcc/arm-linux-gnueabihf/12 -L/usr/bin/../lib/gcc/arm-linux-gnueabihf/12/../../../../lib -L/lib/arm-linux-gnueabihf -L/lib/../lib -L/usr/lib/arm-linux-gnueabihf -L/usr/lib/../lib -L/lib -L/usr/lib CMakeFiles/cmTC_6d3fb.dir/CMakeCCompilerABI.c.o -lgcc --as-needed -lgcc_s --no-as-needed -lc -lgcc --as-needed -lgcc_s --no-as-needed /usr/bin/../lib/gcc/arm-linux-gnueabihf/12/crtendS.o /lib/arm-linux-gnueabihf/crtn.o]
    arg [/usr/bin/arm-linux-gnueabihf-ld] ==> ignore
    arg [-pie] ==> ignore
    arg [-EL] ==> ignore
    arg [-X] ==> ignore
    arg [--hash-style=both] ==> ignore
    arg [--build-id] ==> ignore
    arg [--eh-frame-hdr] ==> ignore
    arg [-m] ==> ignore
    arg [armelf_linux_eabi] ==> ignore
    arg [-dynamic-linker] ==> ignore
    arg [/lib/ld-linux-armhf.so.3] ==> ignore
    arg [-o] ==> ignore
    arg [cmTC_6d3fb] ==> ignore
    arg [/lib/arm-linux-gnueabihf/Scrt1.o] ==> obj [/lib/arm-linux-gnueabihf/Scrt1.o]
    arg [/lib/arm-linux-gnueabihf/crti.o] ==> obj [/lib/arm-linux-gnueabihf/crti.o]
    arg [/usr/bin/../lib/gcc/arm-linux-gnueabihf/12/crtbeginS.o] ==> obj [/usr/bin/../lib/gcc/arm-linux-gnueabihf/12/crtbeginS.o]
    arg [-L/usr/bin/../lib/gcc/arm-linux-gnueabihf/12] ==> dir [/usr/bin/../lib/gcc/arm-linux-gnueabihf/12]
    arg [-L/usr/bin/../lib/gcc/arm-linux-gnueabihf/12/../../../../lib] ==> dir [/usr/bin/../lib/gcc/arm-linux-gnueabihf/12/../../../../lib]
    arg [-L/lib/arm-linux-gnueabihf] ==> dir [/lib/arm-linux-gnueabihf]
    arg [-L/lib/../lib] ==> dir [/lib/../lib]
    arg [-L/usr/lib/arm-linux-gnueabihf] ==> dir [/usr/lib/arm-linux-gnueabihf]
    arg [-L/usr/lib/../lib] ==> dir [/usr/lib/../lib]
    arg [-L/lib] ==> dir [/lib]
    arg [-L/usr/lib] ==> dir [/usr/lib]
    arg [CMakeFiles/cmTC_6d3fb.dir/CMakeCCompilerABI.c.o] ==> ignore
    arg [-lgcc] ==> lib [gcc]
    arg [--as-needed] ==> ignore
    arg [-lgcc_s] ==> lib [gcc_s]
    arg [--no-as-needed] ==> ignore
    arg [-lc] ==> lib [c]
    arg [-lgcc] ==> lib [gcc]
    arg [--as-needed] ==> ignore
    arg [-lgcc_s] ==> lib [gcc_s]
    arg [--no-as-needed] ==> ignore
    arg [/usr/bin/../lib/gcc/arm-linux-gnueabihf/12/crtendS.o] ==> obj [/usr/bin/../lib/gcc/arm-linux-gnueabihf/12/crtendS.o]
    arg [/lib/arm-linux-gnueabihf/crtn.o] ==> obj [/lib/arm-linux-gnueabihf/crtn.o]
  collapse obj [/usr/bin/../lib/gcc/arm-linux-gnueabihf/12/crtbeginS.o] ==> [/usr/lib/gcc/arm-linux-gnueabihf/12/crtbeginS.o]
  collapse obj [/usr/bin/../lib/gcc/arm-linux-gnueabihf/12/crtendS.o] ==> [/usr/lib/gcc/arm-linux-gnueabihf/12/crtendS.o]
  collapse library dir [/usr/bin/../lib/gcc/arm-linux-gnueabihf/12] ==> [/usr/lib/gcc/arm-linux-gnueabihf/12]
  collapse library dir [/usr/bin/../lib/gcc/arm-linux-gnueabihf/12/../../../../lib] ==> [/usr/lib]
  collapse library dir [/lib/arm-linux-gnueabihf] ==> [/lib/arm-linux-gnueabihf]
  collapse library dir [/lib/../lib] ==> [/lib]
  collapse library dir [/usr/lib/arm-linux-gnueabihf] ==> [/usr/lib/arm-linux-gnueabihf]
  collapse library dir [/usr/lib/../lib] ==> [/usr/lib]
  collapse library dir [/lib] ==> [/lib]
  collapse library dir [/usr/lib] ==> [/usr/lib]
  implicit libs: [gcc;gcc_s;c;gcc;gcc_s]
  implicit objs: [/lib/arm-linux-gnueabihf/Scrt1.o;/lib/arm-linux-gnueabihf/crti.o;/usr/lib/gcc/arm-linux-gnueabihf/12/crtbeginS.o;/usr/lib/gcc/arm-linux-gnueabihf/12/crtendS.o;/lib/arm-linux-gnueabihf/crtn.o]
  implicit dirs: [/usr/lib/gcc/arm-linux-gnueabihf/12;/usr/lib;/lib/arm-linux-gnueabihf;/lib;/usr/lib/arm-linux-gnueabihf]
  implicit fwks: []


Detecting CXX compiler ABI info compiled with the following output:
Change Dir: /home/mamsds/bin/freezer-daemon/build/CMakeFiles/CMakeScratch/TryCompile-Ol7lel

Run Build Command(s):/usr/bin/gmake -f Makefile cmTC_a0384/fast && /usr/bin/gmake  -f CMakeFiles/cmTC_a0384.dir/build.make CMakeFiles/cmTC_a0384.dir/build
gmake[1]: Entering directory '/home/mamsds/bin/freezer-daemon/build/CMakeFiles/CMakeScratch/TryCompile-Ol7lel'
Building CXX object CMakeFiles/cmTC_a0384.dir/CMakeCXXCompilerABI.cpp.o
/usr/bin/c++   -v -o CMakeFiles/cmTC_a0384.dir/CMakeCXXCompilerABI.cpp.o -c /usr/share/cmake-3.25/Modules/CMakeCXXCompilerABI.cpp
Using built-in specs.
COLLECT_GCC=/usr/bin/c++
Target: arm-linux-gnueabihf
Configured with: ../src/configure -v --with-pkgversion='Raspbian 12.2.0-14+rpi1' --with-bugurl=file:///usr/share/doc/gcc-12/README.Bugs --enable-languages=c,ada,c++,go,d,fortran,objc,obj-c++,m2 --prefix=/usr --with-gcc-major-version-only --program-suffix=-12 --program-prefix=arm-linux-gnueabihf- --enable-shared --enable-linker-build-id --libexecdir=/usr/lib --without-included-gettext --enable-threads=posix --libdir=/usr/lib --enable-nls --enable-clocale=gnu --enable-libstdcxx-debug --enable-libstdcxx-time=yes --with-default-libstdcxx-abi=new --enable-gnu-unique-object --disable-libitm --disable-libquadmath --disable-libquadmath-support --enable-plugin --with-system-zlib --enable-libphobos-checking=release --with-target-system-zlib=auto --enable-objc-gc=auto --enable-multiarch --disable-sjlj-exceptions --with-arch=armv6+fp --with-float=hard --disable-werror --enable-checking=release --build=arm-linux-gnueabihf --host=arm-linux-gnueabihf --target=arm-linux-gnueabihf
Thread model: posix
Supported LTO compression algorithms: zlib zstd
gcc version 12.2.0 (Raspbian 12.2.0-14+rpi1) 
COLLECT_GCC_OPTIONS='-v' '-o' 'CMakeFiles/cmTC_a0384.dir/CMakeCXXCompilerABI.cpp.o' '-c' '-shared-libgcc'  '-mfloat-abi=hard' '-mtls-dialect=gnu' '-marm' '-mlibarch=armv6+fp' '-march=armv6+fp' '-dumpdir' 'CMakeFiles/cmTC_a0384.dir/'
 /usr/lib/gcc/arm-linux-gnueabihf/12/cc1plus -quiet -v -imultilib . -imultiarch arm-linux-gnueabihf -D_GNU_SOURCE /usr/share/cmake-3.25/Modules/CMakeCXXCompilerABI.cpp -quiet -dumpdir CMakeFiles/cmTC_a0384.dir/ -dumpbase CMakeCXXCompilerABI.cpp.cpp -dumpbase-ext .cpp -mfloat-abi=hard -mtls-dialect=gnu -marm -mlibarch=armv6+fp -march=armv6+fp -version -o /tmp/ccA0y4vi.s
GNU C++17 (Raspbian 12.2.0-14+rpi1) version 12.2.0 (arm-linux-gnueabihf)
	compiled by GNU C version 12.2.0, GMP version 6.2.1, MPFR version 4.1.1-p1, MPC version 1.3.1, isl version isl-0.25-GMP

warning: MPFR header version 4.1.1-p1 differs from library version 4.2.0.
GGC heuristics: --param ggc-min-expand=93 --param ggc-min-heapsize=118011
ignoring duplicate directory "/usr/include/arm-linux-gnueabihf/c++/12"
ignoring nonexistent directory "/usr/local/include/arm-linux-gnueabihf"
ignoring nonexistent directory "/usr/lib/gcc/arm-linux-gnueabihf/12/include-fixed"
ignoring nonexistent directory "/usr/lib/gcc/arm-linux-gnueabihf/12/../../../../arm-linux-gnueabihf/include"
#include "..." search starts here:
#include <...> search starts here:
 /usr/include/c++/12
 /usr/include/arm-linux-gnueabihf/c++/12
 /usr/include/c++/12/backward
 /usr/lib/gcc/arm-linux-gnueabihf/12/include
 /usr/local/include
 /usr/include/arm-linux-gnueabihf
 /usr/include
End of search list.
GNU C++17 (Raspbian 12.2.0-14+rpi1) version 12.2.0 (arm-linux-gnueabihf)
	compiled by GNU C version 12.2.0, GMP version 6.2.1, MPFR version 4.1.1-p1, MPC version 1.3.1, isl version isl-0.25-GMP

warning: MPFR header version 4.1.1-p1 differs from library version 4.2.0.
GGC heuristics: --param ggc-min-expand=93 --param ggc-min-heapsize=118011
Compiler executable checksum: 35b9a090b216240322859958bccd87d7
COLLECT_GCC_OPTIONS='-v' '-o' 'CMakeFiles/cmTC_a0384.dir/CMakeCXXCompilerABI.cpp.o' '-c' '-shared-libgcc'  '-mfloat-abi=hard' '-mtls-dialect=gnu' '-marm' '-mlibarch=armv6+fp' '-march=armv6+fp' '-dumpdir' 'CMakeFiles/cmTC_a0384.dir/'
 as -v -march=armv6+fp -mfloat-abi=hard -meabi=5 -o CMakeFiles/cmTC_a0384.dir/CMakeCXXCompilerABI.cpp.o /tmp/ccA0y4vi.s
GNU assembler version 2.40 (arm-linux-gnueabihf) using BFD version (GNU Binutils for Raspbian) 2.40
COMPILER_PATH=/usr/lib/gcc/arm-linux-gnueabihf/12/:/usr/lib/gcc/arm-linux-gnueabihf/12/:/usr/lib/gcc/arm-linux-gnueabihf/:/usr/lib/gcc/arm-linux-gnueabihf/12/:/usr/lib/gcc/arm-linux-gnueabihf/
LIBRARY_PATH=/usr/lib/gcc/arm-linux-gnueabihf/12/:/usr/lib/gcc/arm-linux-gnueabihf/12/../../../arm-linux-gnueabihf/:/usr/lib/gcc/arm-linux-gnueabihf/12/../../../:/lib/arm-linux-gnueabihf/:/lib/:/usr/lib/arm-linux-gnueabihf/:/usr/lib/
COLLECT_GCC_OPTIONS='-v' '-o' 'CMakeFiles/cmTC_a0384.dir/CMakeCXXCompilerABI.cpp.o' '-c' '-shared-libgcc'  '-mfloat-abi=hard' '-mtls-dialect=gnu' '-marm' '-mlibarch=armv6+fp' '-march=armv6+fp' '-dumpdir' 'CMakeFiles/cmTC_a0384.dir/CMakeCXXCompilerABI.cpp.'
Linking CXX executable cmTC_a0384
/usr/bin/cmake -E cmake_link_script CMakeFiles/cmTC_a0384.dir/link.txt --verbose=1
/usr/bin/c++  -v CMakeFiles/cmTC_a0384.dir/CMakeCXXCompilerABI.cpp.o -o cmTC_a0384 
Using built-in specs.
COLLECT_GCC=/usr/bin/c++
COLLECT_LTO_WRAPPER=/usr/lib/gcc/arm-linux-gnueabihf/12/lto-wrapper
Target: arm-linux-gnueabihf
Configured with: ../src/configure -v --with-pkgversion='Raspbian 12.2.0-14+rpi1' --with-bugurl=file:///usr/share/doc/gcc-12/README.Bugs --enable-languages=c,ada,c++,go,d,fortran,objc,obj-c++,m2 --prefix=/usr --with-gcc-major-version-only --program-suffix=-12 --program-prefix=arm-linux-gnueabihf- --enable-shared --enable-linker-build-id --libexecdir=/usr/lib --without-included-gettext --enable-threads=posix --libdir=/usr/lib --enable-nls --enable-clocale=gnu --enable-libstdcxx-debug --enable-libstdcxx-time=yes --with-default-libstdcxx-abi=new --enable-gnu-unique-object --disable-libitm --disable-libquadmath --disable-libquadmath-support --enable-plugin --with-system-zlib --enable-libphobos-checking=release --with-target-system-zlib=auto --enable-objc-gc=auto --enable-multiarch --disable-sjlj-exceptions --with-arch=armv6+fp --with-float=hard --disable-werror --enable-checking=release --build=arm-linux-gnueabihf --host=arm-linux-gnueabihf --target=arm-linux-gnueabihf
Thread model: posix
Supported LTO compression algorithms: zlib zstd
gcc version 12.2.0 (Raspbian 12.2.0-14+rpi1) 
COMPILER_PATH=/usr/lib/gcc/arm-linux-gnueabihf/12/:/usr/lib/gcc/arm-linux-gnueabihf/12/:/usr/lib/gcc/arm-linux-gnueabihf/:/usr/lib/gcc/arm-linux-gnueabihf/12/:/usr/lib/gcc/arm-linux-gnueabihf/
LIBRARY_PATH=/usr/lib/gcc/arm-linux-gnueabihf/12/:/usr/lib/gcc/arm-linux-gnueabihf/12/../../../arm-linux-gnueabihf/:/usr/lib/gcc/arm-linux-gnueabihf/12/../../../:/lib/arm-linux-gnueabihf/:/lib/:/usr/lib/arm-linux-gnueabihf/:/usr/lib/
COLLECT_GCC_OPTIONS='-v' '-o' 'cmTC_a0384' '-shared-libgcc'  '-mfloat-abi=hard' '-mtls-dialect=gnu' '-marm' '-mlibarch=armv6+fp' '-march=armv6+fp' '-dumpdir' 'cmTC_a0384.'
 /usr/lib/gcc/arm-linux-gnueabihf/12/collect2 -plugin /usr/lib/gcc/arm-linux-gnueabihf/12/liblto_plugin.so -plugin-opt=/usr/lib/gcc/arm-linux-gnueabihf/12/lto-wrapper -plugin-opt=-fresolution=/tmp/ccTs9PQv.res -plugin-opt=-pass-through=-lgcc_s -plugin-opt=-pass-through=-lgcc -plugin-opt=-pass-through=-lc -plugin-opt=-pass-through=-lgcc_s -plugin-opt=-pass-through=-lgcc --build-id --eh-frame-hdr -dynamic-linker /lib/ld-linux-armhf.so.3 -X --hash-style=gnu --as-needed -m armelf_linux_eabi -o cmTC_a0384 /usr/lib/gcc/arm-linux-gnueabihf/12/../../../arm-linux-gnueabihf/crt1.o /usr/lib/gcc/arm-linux-gnueabihf/12/../../../arm-linux-gnueabihf/crti.o /usr/lib/gcc/arm-linux-gnueabihf/12/crtbegin.o -L/usr/lib/gcc/arm-linux-gnueabihf/12 -L/usr/lib/gcc/arm-linux-gnueabihf/12/../../../arm-linux-gnueabihf -L/usr/lib/gcc/arm-linux-gnueabihf/12/../../.. -L/lib/arm-linux-gnueabihf -L/usr/lib/arm-linux-gnueabihf CMakeFiles/cmTC_a0384.dir/CMakeCXXCompilerABI.cpp.o -lstdc++ -lm -lgcc_s -lgcc -lc -lgcc_s -lgcc /usr/lib/gcc/arm-linux-gnueabihf/12/crtend.o /usr/lib/gcc/arm-linux-gnueabihf/12/../../../arm-linux-gnueabihf/crtn.o
COLLECT_GCC_OPTIONS='-v' '-o' 'cmTC_a0384' '-shared-libgcc'  '-mfloat-abi=hard' '-mtls-dialect=gnu' '-marm' '-mlibarch=armv6+fp' '-march=armv6+fp' '-dumpdir' 'cmTC_a0384.'
gmake[1]: Leaving directory '/home/mamsds/bin/freezer-daemon/build/CMakeFiles/CMakeScratch/TryCompile-Ol7lel'



Parsed CXX implicit include dir info from above output: rv=done
  found start of include info
  found start of implicit include info
    add: [/usr/include/c++/12]
    add: [/usr/include/arm-linux-gnueabihf/c++/12]
    add: [/usr/include/c++/12/backward]
    add: [/usr/lib/gcc/arm-linux-gnueabihf/12/include]
    add: [/usr/local/include]
    add: [/usr/include/arm-linux-gnueabihf]
    add: [/usr/include]
  end of search list found
  collapse include dir [/usr/include/c++/12] ==> [/usr/include/c++/12]
  collapse include dir [/usr/include/arm-linux-gnueabihf/c++/12] ==> [/usr/include/arm-linux-gnueabihf/c++/12]
  collapse include dir [/usr/include/c++/12/backward] ==> [/usr/include/c++/12/backward]
  collapse include dir [/usr/lib/gcc/arm-linux-gnueabihf/12/include] ==> [/usr/lib/gcc/arm-linux-gnueabihf/12/include]
  collapse include dir [/usr/local/include] ==> [/usr/local/include]
  collapse include dir [/usr/include/arm-linux-gnueabihf] ==> [/usr/include/arm-linux-gnueabihf]
  collapse include dir [/usr/include] ==> [/usr/include]
  implicit include dirs: [/usr/include/c++/12;/usr/include/arm-linux-gnueabihf/c++/12;/usr/include/c++/12/backward;/usr/lib/gcc/arm-linux-gnueabihf/12/include;/usr/local/include;/usr/include/arm-linux-gnueabihf;/usr/include]


Parsed CXX implicit link information from above output:
  link line regex: [^( *|.*[/\])(ld|CMAKE_LINK_STARTFILE-NOTFOUND|([^/\]+-)?ld|collect2)[^/\]*( |$)]
  ignore line: [Change Dir: /home/mamsds/bin/freezer-daemon/build/CMakeFiles/CMakeScratch/TryCompile-Ol7lel]
  ignore line: []
  ignore line: [Run Build Command(s):/usr/bin/gmake -f Makefile cmTC_a0384/fast && /usr/bin/gmake  -f CMakeFiles/cmTC_a0384.dir/build.make CMakeFiles/cmTC_a0384.dir/build]
  ignore line: [gmake[1]: Entering directory '/home/mamsds/bin/freezer-daemon/build/CMakeFiles/CMakeScratch/TryCompile-Ol7lel']
  ignore line: [Building CXX object CMakeFiles/cmTC_a0384.dir/CMakeCXXCompilerABI.cpp.o]
  ignore line: [/usr/bin/c++   -v -o CMakeFiles/cmTC_a0384.dir/CMakeCXXCompilerABI.cpp.o -c /usr/share/cmake-3.25/Modules/CMakeCXXCompilerABI.cpp]
  ignore line: [Using built-in specs.]
  ignore line: [COLLECT_GCC=/usr/bin/c++]
  ignore line: [Target: arm-linux-gnueabihf]
  ignore line: [Configured with: ../src/configure -v --with-pkgversion='Raspbian 12.2.0-14+rpi1' --with-bugurl=file:///usr/share/doc/gcc-12/README.Bugs --enable-languages=c ada c++ go d fortran objc obj-c++ m2 --prefix=/usr --with-gcc-major-version-only --program-suffix=-12 --program-prefix=arm-linux-gnueabihf- --enable-shared --enable-linker-build-id --libexecdir=/usr/lib --without-included-gettext --enable-threads=posix --libdir=/usr/lib --enable-nls --enable-clocale=gnu --enable-libstdcxx-debug --enable-libstdcxx-time=yes --with-default-libstdcxx-abi=new --enable-gnu-unique-object --disable-libitm --disable-libquadmath --disable-libquadmath-support --enable-plugin --with-system-zlib --enable-libphobos-checking=release --with-target-system-zlib=auto --enable-objc-gc=auto --enable-multiarch --disable-sjlj-exceptions --with-arch=armv6+fp --with-float=hard --disable-werror --enable-checking=release --build=arm-linux-gnueabihf --host=arm-linux-gnueabihf --target=arm-linux-gnueabihf]
  ignore line: [Thread model: posix]
  ignore line: [Supported LTO compression algorithms: zlib zstd]
  ignore line: [gcc version 12.2.0 (Raspbian 12.2.0-14+rpi1) ]
  ignore line: [COLLECT_GCC_OPTIONS='-v' '-o' 'CMakeFiles/cmTC_a0384.dir/CMakeCXXCompilerABI.cpp.o' '-c' '-shared-libgcc'  '-mfloat-abi=hard' '-mtls-dialect=gnu' '-marm' '-mlibarch=armv6+fp' '-march=armv6+fp' '-dumpdir' 'CMakeFiles/cmTC_a0384.dir/']
  ignore line: [ /usr/lib/gcc/arm-linux-gnueabihf/12/cc1plus -quiet -v -imultilib . -imultiarch arm-linux-gnueabihf -D_GNU_SOURCE /usr/share/cmake-3.25/Modules/CMakeCXXCompilerABI.cpp -quiet -dumpdir CMakeFiles/cmTC_a0384.dir/ -dumpbase CMakeCXXCompilerABI.cpp.cpp -dumpbase-ext .cpp -mfloat-abi=hard -mtls-dialect=gnu -marm -mlibarch=armv6+fp -march=armv6+fp -version -o /tmp/ccA0y4vi.s]
  ignore line: [GNU C++17 (Raspbian 12.2.0-14+rpi1) version 12.2.0 (arm-linux-gnueabihf)]
  ignore line: [	compiled by GNU C version 12.2.0  GMP version 6.2.1  MPFR version 4.1.1-p1  MPC version 1.3.1  isl version isl-0.25-GMP]
  ignore line: []
  ignore line: [warning: MPFR header version 4.1.1-p1 differs from library version 4.2.0.]
  ignore line: [GGC heuristics: --param ggc-min-expand=93 --param ggc-min-heapsize=118011]
  ignore line: [ignoring duplicate directory "/usr/include/arm-linux-gnueabihf/c++/12"]
  ignore line: [ignoring nonexistent directory "/usr/local/include/arm-linux-gnueabihf"]
  ignore line: [ignoring nonexistent directory "/usr/lib/gcc/arm-linux-gnueabihf/12/include-fixed"]
  ignore line: [ignoring nonexistent directory "/usr/lib/gcc/arm-linux-gnueabihf/12/../../../../arm-linux-gnueabihf/include"]
  ignore line: [#include "..." search starts here:]
  ignore line: [#include <...> search starts here:]
  ignore line: [ /usr/include/c++/12]
  ignore line: [ /usr/include/arm-linux-gnueabihf/c++/12]
  ignore line: [ /usr/include/c++/12/backward]
  ignore line: [ /usr/lib/gcc/arm-linux-gnueabihf/12/include]
  ignore line: [ /usr/local/include]
  ignore line: [ /usr/include/arm-linux-gnueabihf]
  ignore line: [ /usr/include]
  ignore line: [End of search list.]
  ignore line: [GNU C++17 (Raspbian 12.2.0-14+rpi1) version 12.2.0 (arm-linux-gnueabihf)]
  ignore line: [	compiled by GNU C version 12.2.0  GMP version 6.2.1  MPFR version 4.1.1-p1  MPC version 1.3.1  isl version isl-0.25-GMP]
  ignore line: []
  ignore line: [warning: MPFR header version 4.1.1-p1 differs from library version 4.2.0.]
  ignore line: [GGC heuristics: --param ggc-min-expand=93 --param ggc-min-heapsize=118011]
  ignore line: [Compiler executable checksum: 35b9a090b216240322859958bccd87d7]
  ignore line: [COLLECT_GCC_OPTIONS='-v' '-o' 'CMakeFiles/cmTC_a0384.dir/CMakeCXXCompilerABI.cpp.o' '-c' '-shared-libgcc'  '-mfloat-abi=hard' '-mtls-dialect=gnu' '-marm' '-mlibarch=armv6+fp' '-march=armv6+fp' '-dumpdir' 'CMakeFiles/cmTC_a0384.dir/']
  ignore line: [ as -v -march=armv6+fp -mfloat-abi=hard -meabi=5 -o CMakeFiles/cmTC_a0384.dir/CMakeCXXCompilerABI.cpp.o /tmp/ccA0y4vi.s]
  ignore line: [GNU assembler version 2.40 (arm-linux-gnueabihf) using BFD version (GNU Binutils for Raspbian) 2.40]
  ignore line: [COMPILER_PATH=/usr/lib/gcc/arm-linux-gnueabihf/12/:/usr/lib/gcc/arm-linux-gnueabihf/12/:/usr/lib/gcc/arm-linux-gnueabihf/:/usr/lib/gcc/arm-linux-gnueabihf/12/:/usr/lib/gcc/arm-linux-gnueabihf/]
  ignore line: [LIBRARY_PATH=/usr/lib/gcc/arm-linux-gnueabihf/12/:/usr/lib/gcc/arm-linux-gnueabihf/12/../../../arm-linux-gnueabihf/:/usr/lib/gcc/arm-linux-gnueabihf/12/../../../:/lib/arm-linux-gnueabihf/:/lib/:/usr/lib/arm-linux-gnueabihf/:/usr/lib/]
  ignore line: [COLLECT_GCC_OPTIONS='-v' '-o' 'CMakeFiles/cmTC_a0384.dir/CMakeCXXCompilerABI.cpp.o' '-c' '-shared-libgcc'  '-mfloat-abi=hard' '-mtls-dialect=gnu' '-marm' '-mlibarch=armv6+fp' '-march=armv6+fp' '-dumpdir' 'CMakeFiles/cmTC_a0384.dir/CMakeCXXCompilerABI.cpp.']
  ignore line: [Linking CXX executable cmTC_a0384]
  ignore line: [/usr/bin/cmake -E cmake_link_script CMakeFiles/cmTC_a0384.dir/link.txt --verbose=1]
  ignore line: [/usr/bin/c++  -v CMakeFiles/cmTC_a0384.dir/CMakeCXXCompilerABI.cpp.o -o cmTC_a0384 ]
  ignore line: [Using built-in specs.]
  ignore line: [COLLECT_GCC=/usr/bin/c++]
  ignore line: [COLLECT_LTO_WRAPPER=/usr/lib/gcc/arm-linux-gnueabihf/12/lto-wrapper]
  ignore line: [Target: arm-linux-gnueabihf]
  ignore line: [Configured with: ../src/configure -v --with-pkgversion='Raspbian 12.2.0-14+rpi1' --with-bugurl=file:///usr/share/doc/gcc-12/README.Bugs --enable-languages=c ada c++ go d fortran objc obj-c++ m2 --prefix=/usr --with-gcc-major-version-only --program-suffix=-12 --program-prefix=arm-linux-gnueabihf- --enable-shared --enable-linker-build-id --libexecdir=/usr/lib --without-included-gettext --enable-threads=posix --libdir=/usr/lib --enable-nls --enable-clocale=gnu --enable-libstdcxx-debug --enable-libstdcxx-time=yes --with-default-libstdcxx-abi=new --enable-gnu-unique-object --disable-libitm --disable-libquadmath --disable-libquadmath-support --enable-plugin --with-system-zlib --enable-libphobos-checking=release --with-target-system-zlib=auto --enable-objc-gc=auto --enable-multiarch --disable-sjlj-exceptions --with-arch=armv6+fp --with-float=hard --disable-werror --enable-checking=release --build=arm-linux-gnueabihf --host=arm-linux-gnueabihf --target=arm-linux-gnueabihf]
  ignore line: [Thread model: posix]
  ignore line: [Supported LTO compression algorithms: zlib zstd]
  ignore line: [gcc version 12.2.0 (Raspbian 12.2.0-14+rpi1) ]
  ignore line: [COMPILER_PATH=/usr/lib/gcc/arm-linux-gnueabihf/12/:/usr/lib/gcc/arm-linux-gnueabihf/12/:/usr/lib/gcc/arm-linux-gnueabihf/:/usr/lib/gcc/arm-linux-gnueabihf/12/:/usr/lib/gcc/arm-linux-gnueabihf/]
  ignore line: [LIBRARY_PATH=/usr/lib/gcc/arm-linux-gnueabihf/12/:/usr/lib/gcc/arm-linux-gnueabihf/12/../../../arm-linux-gnueabihf/:/usr/lib/gcc/arm-linux-gnueabihf/12/../../../:/lib/arm-linux-gnueabihf/:/lib/:/usr/lib/arm-linux-gnueabihf/:/usr/lib/]
  ignore line: [COLLECT_GCC_OPTIONS='-v' '-o' 'cmTC_a0384' '-shared-libgcc'  '-mfloat-abi=hard' '-mtls-dialect=gnu' '-marm' '-mlibarch=armv6+fp' '-march=armv6+fp' '-dumpdir' 'cmTC_a0384.']
  link line: [ /usr/lib/gcc/arm-linux-gnueabihf/12/collect2 -plugin /usr/lib/gcc/arm-linux-gnueabihf/12/liblto_plugin.so -plugin-opt=/usr/lib/gcc/arm-linux-gnueabihf/12/lto-wrapper -plugin-opt=-fresolution=/tmp/ccTs9PQv.res -plugin-opt=-pass-through=-lgcc_s -plugin-opt=-pass-through=-lgcc -plugin-opt=-pass-through=-lc -plugin-opt=-pass-through=-lgcc_s -plugin-opt=-pass-through=-lgcc --build-id --eh-frame-hdr -dynamic-linker /lib/ld-linux-armhf.so.3 -X --hash-style=gnu --as-needed -m armelf_linux_eabi -o cmTC_a0384 /usr/lib/gcc/arm-linux-gnueabihf/12/../../../arm-linux-gnueabihf/crt1.o /usr/lib/gcc/arm-linux-gnueabihf/12/../../../arm-linux-gnueabihf/crti.o /usr/lib/gcc/arm-linux-gnueabihf/12/crtbegin.o -L/usr/lib/gcc/arm-linux-gnueabihf/12 -L/usr/lib/gcc/arm-linux-gnueabihf/12/../../../arm-linux-gnueabihf -L/usr/lib/gcc/arm-linux-gnueabihf/12/../../.. -L/lib/arm-linux-gnueabihf -L/usr/lib/arm-linux-gnueabihf CMakeFiles/cmTC_a0384.dir/CMakeCXXCompilerABI.cpp.o -lstdc++ -lm -lgcc_s -lgcc -lc -lgcc_s -lgcc /usr/lib/gcc/arm-linux-gnueabihf/12/crtend.o /usr/lib/gcc/arm-linux-gnueabihf/12/../../../arm-linux-gnueabihf/crtn.o]
    arg [/usr/lib/gcc/arm-linux-gnueabihf/12/collect2] ==> ignore
    arg [-plugin] ==> ignore
    arg [/usr/lib/gcc/arm-linux-gnueabihf/12/liblto_plugin.so] ==> ignore
    arg [-plugin-opt=/usr/lib/gcc/arm-linux-gnueabihf/12/lto-wrapper] ==> ignore
    arg [-plugin-opt=-fresolution=/tmp/ccTs9PQv.res] ==> ignore
    arg [-plugin-opt=-pass-through=-lgcc_s] ==> ignore
    arg [-plugin-opt=-pass-through=-lgcc] ==> ignore
    arg [-plugin-opt=-pass-through=-lc] ==> ignore
    arg [-plugin-opt=-pass-through=-lgcc_s] ==> ignore
    arg [-plugin-opt=-pass-through=-lgcc] ==> ignore
    arg [--build-id] ==> ignore
    arg [--eh-frame-hdr] ==> ignore
    arg [-dynamic-linker] ==> ignore
    arg [/lib/ld-linux-armhf.so.3] ==> ignore
    arg [-X] ==> ignore
    arg [--hash-style=gnu] ==> ignore
    arg [--as-needed] ==> ignore
    arg [-m] ==> ignore
    arg [armelf_linux_eabi] ==> ignore
    arg [-o] ==> ignore
    arg [cmTC_a0384] ==> ignore
    arg [/usr/lib/gcc/arm-linux-gnueabihf/12/../../../arm-linux-gnueabihf/crt1.o] ==> obj [/usr/lib/gcc/arm-linux-gnueabihf/12/../../../arm-linux-gnueabihf/crt1.o]
    arg [/usr/lib/gcc/arm-linux-gnueabihf/12/../../../arm-linux-gnueabihf/crti.o] ==> obj [/usr/lib/gcc/arm-linux-gnueabihf/12/../../../arm-linux-gnueabihf/crti.o]
    arg [/usr/lib/gcc/arm-linux-gnueabihf/12/crtbegin.o] ==> obj [/usr/lib/gcc/arm-linux-gnueabihf/12/crtbegin.o]
    arg [-L/usr/lib/gcc/arm-linux-gnueabihf/12] ==> dir [/usr/lib/gcc/arm-linux-gnueabihf/12]
    arg [-L/usr/lib/gcc/arm-linux-gnueabihf/12/../../../arm-linux-gnueabihf] ==> dir [/usr/lib/gcc/arm-linux-gnueabihf/12/../../../arm-linux-gnueabihf]
    arg [-L/usr/lib/gcc/arm-linux-gnueabihf/12/../../..] ==> dir [/usr/lib/gcc/arm-linux-gnueabihf/12/../../..]
    arg [-L/lib/arm-linux-gnueabihf] ==> dir [/lib/arm-linux-gnueabihf]
    arg [-L/usr/lib/arm-linux-gnueabihf] ==> dir [/usr/lib/arm-linux-gnueabihf]
    arg [CMakeFiles/cmTC_a0384.dir/CMakeCXXCompilerABI.cpp.o] ==> ignore
    arg [-lstdc++] ==> lib [stdc++]
    arg [-lm] ==> lib [m]
    arg [-lgcc_s] ==> lib [gcc_s]
    arg [-lgcc] ==> lib [gcc]
    arg [-lc] ==> lib [c]
    arg [-lgcc_s] ==> lib [gcc_s]
    arg [-lgcc] ==> lib [gcc]
    arg [/usr/lib/gcc/arm-linux-gnueabihf/12/crtend.o] ==> obj [/usr/lib/gcc/arm-linux-gnueabihf/12/crtend.o]
    arg [/usr/lib/gcc/arm-linux-gnueabihf/12/../../../arm-linux-gnueabihf/crtn.o] ==> obj [/usr/lib/gcc/arm-linux-gnueabihf/12/../../../arm-linux-gnueabihf/crtn.o]
  collapse obj [/usr/lib/gcc/arm-linux-gnueabihf/12/../../../arm-linux-gnueabihf/crt1.o] ==> [/usr/lib/arm-linux-gnueabihf/crt1.o]
  collapse obj [/usr/lib/gcc/arm-linux-gnueabihf/12/../../../arm-linux-gnueabihf/crti.o] ==> [/usr/lib/arm-linux-gnueabihf/crti.o]
  collapse obj [/usr/lib/gcc/arm-linux-gnueabihf/12/../../../arm-linux-gnueabihf/crtn.o] ==> [/usr/lib/arm-linux-gnueabihf/crtn.o]
  collapse library dir [/usr/lib/gcc/arm-linux-gnueabihf/12] ==> [/usr/lib/gcc/arm-linux-gnueabihf/12]
  collapse library dir [/usr/lib/gcc/arm-linux-gnueabihf/12/../../../arm-linux-gnueabihf] ==> [/usr/lib/arm-linux-gnueabihf]
  collapse library dir [/usr/lib/gcc/arm-linux-gnueabihf/12/../../..] ==> [/usr/lib]
  collapse library dir [/lib/arm-linux-gnueabihf] ==> [/lib/arm-linux-gnueabihf]
  collapse library dir [/usr/lib/arm-linux-gnueabihf] ==> [/usr/lib/arm-linux-gnueabihf]
  implicit libs: [stdc++;m;gcc_s;gcc;c;gcc_s;gcc]
  implicit objs: [/usr/lib/arm-linux-gnueabihf/crt1.o;/usr/lib/arm-linux-gnueabihf/crti.o;/usr/lib/gcc/arm-linux-gnueabihf/12/crtbegin.o;/usr/lib/gcc/arm-linux-gnueabihf/12/crtend.o;/usr/lib/arm-linux-gnueabihf/crtn.o]
  implicit dirs: [/usr/lib/gcc/arm-linux-gnueabihf/12;/usr/lib/arm-linux-gnueabihf;/usr/lib;/lib/arm-linux-gnueabihf]
  implicit fwks: []


